[debug] [2022-07-09T02:00:25.571Z] ----------------------------------------------------------------------
[debug] [2022-07-09T02:00:25.573Z] Command:       C:\Program Files\nodejs\node.exe C:\Users\barji\AppData\Roaming\npm\node_modules\firebase-tools\lib\bin\firebase.js deploy
[debug] [2022-07-09T02:00:25.573Z] CLI Version:   10.7.0
[debug] [2022-07-09T02:00:25.573Z] Platform:      win32
[debug] [2022-07-09T02:00:25.573Z] Node Version:  v17.9.0
[debug] [2022-07-09T02:00:25.576Z] Time:          Sat Jul 09 2022 07:30:25 GMT+0530 (India Standard Time)
[debug] [2022-07-09T02:00:25.577Z] ----------------------------------------------------------------------
[debug] 
[debug] [2022-07-09T02:00:25.626Z] > command requires scopes: ["email","openid","https://www.googleapis.com/auth/cloudplatformprojects.readonly","https://www.googleapis.com/auth/firebase","https://www.googleapis.com/auth/cloud-platform"]
[debug] [2022-07-09T02:00:25.627Z] > authorizing via signed-in user (onlineonetouch@gmail.com)
[debug] [2022-07-09T02:00:25.627Z] [iam] checking project one-touch-emart for permissions ["firebase.projects.get","firebasehosting.sites.update"]
[debug] [2022-07-09T02:00:25.629Z] >>> [apiv2][query] POST https://cloudresourcemanager.googleapis.com/v1/projects/one-touch-emart:testIamPermissions [none]
[debug] [2022-07-09T02:00:25.629Z] >>> [apiv2][body] POST https://cloudresourcemanager.googleapis.com/v1/projects/one-touch-emart:testIamPermissions {"permissions":["firebase.projects.get","firebasehosting.sites.update"]}
[debug] [2022-07-09T02:00:26.989Z] <<< [apiv2][status] POST https://cloudresourcemanager.googleapis.com/v1/projects/one-touch-emart:testIamPermissions 200
[debug] [2022-07-09T02:00:26.989Z] <<< [apiv2][body] POST https://cloudresourcemanager.googleapis.com/v1/projects/one-touch-emart:testIamPermissions {"permissions":["firebase.projects.get","firebasehosting.sites.update"]}
[debug] [2022-07-09T02:00:26.991Z] >>> [apiv2][query] GET https://firebase.googleapis.com/v1beta1/projects/one-touch-emart [none]
[debug] [2022-07-09T02:00:27.648Z] <<< [apiv2][status] GET https://firebase.googleapis.com/v1beta1/projects/one-touch-emart 200
[debug] [2022-07-09T02:00:27.648Z] <<< [apiv2][body] GET https://firebase.googleapis.com/v1beta1/projects/one-touch-emart {"projectId":"one-touch-emart","projectNumber":"182191548365","displayName":"one-touch-emart","name":"projects/one-touch-emart","resources":{"hostingSite":"one-touch-emart"},"state":"ACTIVE"}
[info] 
[info] === Deploying to 'one-touch-emart'...
[info] 
[info] i  deploying hosting 
[debug] [2022-07-09T02:00:27.656Z] >>> [apiv2][query] GET https://firebase.googleapis.com/v1beta1/projects/one-touch-emart [none]
[debug] [2022-07-09T02:00:28.281Z] <<< [apiv2][status] GET https://firebase.googleapis.com/v1beta1/projects/one-touch-emart 200
[debug] [2022-07-09T02:00:28.281Z] <<< [apiv2][body] GET https://firebase.googleapis.com/v1beta1/projects/one-touch-emart {"projectId":"one-touch-emart","projectNumber":"182191548365","displayName":"one-touch-emart","name":"projects/one-touch-emart","resources":{"hostingSite":"one-touch-emart"},"state":"ACTIVE"}
[debug] [2022-07-09T02:00:28.283Z] >>> [apiv2][query] POST https://firebasehosting.googleapis.com/v1beta1/projects/182191548365/sites/one-touch-emart/versions [none]
[debug] [2022-07-09T02:00:28.283Z] >>> [apiv2][body] POST https://firebasehosting.googleapis.com/v1beta1/projects/182191548365/sites/one-touch-emart/versions {"config":{"rewrites":[{"glob":"**","path":"/index.html"}]},"labels":{"deployment-tool":"cli-firebase"}}
[debug] [2022-07-09T02:00:30.137Z] <<< [apiv2][status] POST https://firebasehosting.googleapis.com/v1beta1/projects/182191548365/sites/one-touch-emart/versions 200
[debug] [2022-07-09T02:00:30.137Z] <<< [apiv2][body] POST https://firebasehosting.googleapis.com/v1beta1/projects/182191548365/sites/one-touch-emart/versions {"name":"projects/182191548365/sites/one-touch-emart/versions/55ac30058bacfbb5","status":"CREATED","config":{"rewrites":[{"glob":"**","path":"/index.html"}]},"labels":{"deployment-tool":"cli-firebase"}}
[info] i  hosting[one-touch-emart]: beginning deploy... 
[info] i  hosting[one-touch-emart]: found 43 files in build 
[debug] [2022-07-09T02:00:30.151Z] [hosting] uploading with 200 concurrency
[debug] [2022-07-09T02:00:30.434Z] [hosting] hash cache [YnVpbGQ] stored for 43 files
[debug] [2022-07-09T02:00:30.434Z] [hosting][hash queue][FINAL] {"max":273,"min":4,"avg":37.093023255813954,"active":0,"complete":43,"success":43,"errored":0,"retried":0,"total":43,"elapsed":282}
[debug] [2022-07-09T02:00:30.435Z] >>> [apiv2][query] POST https://firebasehosting.googleapis.com/v1beta1/projects/182191548365/sites/one-touch-emart/versions/55ac30058bacfbb5:populateFiles [none]
[debug] [2022-07-09T02:00:30.435Z] >>> [apiv2][body] POST https://firebasehosting.googleapis.com/v1beta1/projects/182191548365/sites/one-touch-emart/versions/55ac30058bacfbb5:populateFiles {"files":{"/favicon.ico":"2b450feb8e335cc82530d7f5dfcd72a4f63f7a9ac47f60aeae7047a8f1102a38","/logo192.png":"56d09779b74b4aa7b5097a52a0632df2bf0be98e4de7d63b53959c38a1b5e0e0","/logo512.png":"56d09779b74b4aa7b5097a52a0632df2bf0be98e4de7d63b53959c38a1b5e0e0","/manifest.json":"0decb1fa30c76bf8dcff083dca76ff8a28eb00404da26c2b0b908d9e402f8206","/robots.txt":"bfe106a3fb878dc83461c86818bf74fc1bdc7f28538ba613cd3e775516ce8b49\r","/asset-manifest.json":"75d6f35c7627b35b6e8dc7f4bfb852414c54a5c40f138811a921c4d7cb092b07","/index.html":"5686690b6a05edb6d1486006838abd157c236cdf9148bf1d1bbf3c5fa11f1304","/static/js/main.46e122cc.js.LICENSE.txt":"a8f27acaa623aae8be87a5735ba4cf8dea7a5d92b824733f22087d530a73d261","/static/js/787.6f5a9bf1.chunk.js.map":"22862fd6a318519d2c6203d7409590591909a0647f83559f53c13da69fc3ef1b","/service-worker.js":"9b7f50ef13027969c621cdd954f7f556f9b366370191ef7cc67c944cfa4acf93","/static/js/787.6f5a9bf1.chunk.js":"9298d1d313dba92f0c2cc9806298e7f85c4e300959cf483e2ab2d47b4abbb6fb","/static/media/eggmeat.9cfbd6bfe444fc963ed5.jpg":"da05c306d5145f9910521139714c3e657ee4171b2f8657a346bbed0d297c54a2","/static/media/cooldrinks.f3851c0456695f51c276.jpg":"8a72a0b6720c7248c06dd56a36addf337f5125a3ee1fa8639b0f59a44d252f06","/static/media/fruits.d410bad1b86a8ceff017.jpg":"7985392e516178da7cf29722e8f1b0b42bbcbec2c5508a8324b48fea79b6d2b8","/static/media/vegitables.5466c3b44bc518d53a84.jpg":"057dd808a10ef3129204f3bda297ce890ac6a22c2f03c1055e341e8b5f4a1b6a","/static/media/babycare.a30bd06b48046e878456.jpeg":"85cefe04e1ebf80f3115f95bffbfc85c5d1a0ffa9b26ec216fd13fd6fb7b77c2","/static/media/cleaning.e9949e7cf2dfd2ff83c6.jpg":"5c7fedaabbaf4cf8f30817aa4c5b300401038a5bea2a2f5741a5ac9e1f314986","/static/media/eggmeatbanner.27d0b2c5d6068aa88baf.jpg":"1683ca23443f0792fc061ac0eb36758f6fd838a83a5ef5dd2ac21741b369986b","/static/media/cleaningbanner.5cd0b692ebb2536ceeb9.jpg":"10592a0a90c5ed0fef9fe875b86650c3c127cfa34b71c1786eb1088853536d8d","/static/media/fastfood.8174503263e0743b6d3f.jpg":"1009c6a02c21f4f1280801bcfa20bb54f516592d80be92cd3e292c551c83ec47","/static/media/logo.37c5b99c01e4950f1c1d.png":"d7f503ef0197a7ee5f19ca33ec6c4fd28cb7f105bb6f5532062298df382e31ea","/static/css/main.8f931a7a.css":"3d82d68434dd30897b1178ecaaea7835026a7ebbc46b4d768ec1c75a754ea1ba","/static/media/bakerycake.adca4e1426a540aa43b3.jpg":"c528a44ff4c2c4a7ecc6a5165afe10fdc738873a8ffa1efd86ea59213c67fb0d","/static/media/foodgrainsoil.f67f4431901e62e556ec.jpg":"5e0c2f95edf26e85db1722e659e3cc3537359525969c35ab2c52c07e0754fef5","/static/media/fruitsbanner.ea70c3d4e48b370005c8.jpg":"fe50fc08af516542ca9ac4945858d9b621165338fd0ec258aa22138d8ecb1924","/static/media/food_3.db3593ab2ff2827bb9af.jpg":"4abf0ea35e34e4d9026ebe2584ebb805dcedb56169a59d027111ec285d11b22e","/static/media/beautybanner.a9cc37ad0787be535d5d.jpg":"b162c2c1c31a8af9eddcc9be4a2c492d6dfc5702df18f661ba17c8de41160dbe","/static/media/fastfoodbanner.70b20966620c325d5363.jpg":"5da744b129c251c696fd0609343b058c76d4a352fba70e7ed7fd55928ceebf07","/static/media/banner1.83d0388257c91ca91f31.jpg":"61c2255eeb5abba0ce484b9a986754316167d8076031eb6fc7f65120e098f275","/static/media/vegitablesbanner.84fb8a1bfb3fcc04f089.jpg":"363f15f4d686149620ef74a5e13cf7ba7deddcd700ad19e1230c15655c69640c","/static/media/food_1.9feb11b73fc748a6aadf.jpg":"b38c516c9eab2eb29c3ddf1acb7f76d556ed91add56dac57487fccff1af58010","/static/media/bakerycakebanner.ce2844f117ac56569422.jpg":"e60d4ec3e247fb39d3cfbcd824b7a0e416288909fe9c31474db7c6294617132c","/service-worker.js.map":"82a2e31bdc1b05c038a8c768d866945365543e7cb1ad3bd1f5e08c2ca68b0314","/static/media/foodgrainsoilbanner.3cc1c1b336240862129f.jpg":"897bb7655a5e44c7b6b0f9e3f791c45ddf69cc05ee1f3347dfcce54db923e9dd","/static/media/babycarebanner.20d8f3168d6c0b4160a0.jpg":"a1a0ecc4a55d17ac3548551676a5dbe5080202371bcae471a6c7f7b5c8797048","/static/media/cooldrinksbanner.616d4497b79dc7c8730f.jpg":"c75cfe4e8cc53ffe9ead9e9815cc4b56193cb315a79715908854919c0b7530ed","/static/css/main.8f931a7a.css.map":"5472933b1ace053af56abb6b660823b568fe3687cdf6a36294dc94538c4915eb","/static/media/fruits.f9659dd7366b87a67d50.png":"869bbf28b8d50ff30298f860213364618ae7cf641fe2e617c63b553b478b4a1e","/static/media/kitchen.a957c4eec81871e1d130.png":"e7f49f58b16affbdd13d8d0188af7bce2d525414df5c9e79d7c10b90719415ee","/static/media/food_2.8df9dd642a2c77cdaf93.jpg":"4ba146625071221d3782f4fdc8aae7982bb7a943f01f3ef4a6ba0c905a54e716","/static/js/main.46e122cc.js":"07f93dd56a494ab007937751e022d18e95ec6069578e6ef693269f03135859ed","/static/media/profile.04304f6c043cd42eeed9.jpg":"64d04068cfb85de350c6d04006df215b7e99ac729cbed82e905d3ad64f5facc9","/static/js/main.46e122cc.js.map":"01901db70cf6f7097c7394d2afa8ce55d84aa0e7ceb27aa0836c4d245614ae2c"}}
